ARM GAS  C:\Users\serga\AppData\Local\Temp\ccN7J8cw.s 			page 1


   1              		.syntax unified
   2              		.cpu cortex-m3
   3              		.fpu softvfp
   4              		.eabi_attribute 20, 1
   5              		.eabi_attribute 21, 1
   6              		.eabi_attribute 23, 3
   7              		.eabi_attribute 24, 1
   8              		.eabi_attribute 25, 1
   9              		.eabi_attribute 26, 1
  10              		.eabi_attribute 30, 1
  11              		.eabi_attribute 34, 1
  12              		.eabi_attribute 18, 4
  13              		.thumb
  14              		.syntax unified
  15              		.file	"cymetadata.c"
  16              		.text
  17              	.Ltext0:
  18              		.cfi_sections	.debug_frame
  19              		.global	cy_metadata
  20              		.global	cy_meta_flashprotect
  21              		.global	cy_meta_wonvl
  22              		.global	cy_meta_custnvl
  23              		.global	cy_meta_configecc
  24              		.section	.cyconfigecc,"a",%progbits
  25              		.align	2
  26              		.type	cy_meta_configecc, %object
  27              		.size	cy_meta_configecc, 1388
  28              	cy_meta_configecc:
  29 0000 05       		.byte	5
  30 0001 52       		.byte	82
  31 0002 00       		.byte	0
  32 0003 40       		.byte	64
  33 0004 02       		.byte	2
  34 0005 64       		.byte	100
  35 0006 00       		.byte	0
  36 0007 40       		.byte	64
  37 0008 02       		.byte	2
  38 0009 65       		.byte	101
  39 000a 00       		.byte	0
  40 000b 40       		.byte	64
  41 000c 01       		.byte	1
  42 000d 07       		.byte	7
  43 000e 01       		.byte	1
  44 000f 40       		.byte	64
  45 0010 56       		.byte	86
  46 0011 08       		.byte	8
  47 0012 01       		.byte	1
  48 0013 40       		.byte	64
  49 0014 44       		.byte	68
  50 0015 09       		.byte	9
  51 0016 01       		.byte	1
  52 0017 40       		.byte	64
  53 0018 0E       		.byte	14
  54 0019 0A       		.byte	10
  55 001a 01       		.byte	1
  56 001b 40       		.byte	64
  57 001c 31       		.byte	49
ARM GAS  C:\Users\serga\AppData\Local\Temp\ccN7J8cw.s 			page 2


  58 001d 0B       		.byte	11
  59 001e 01       		.byte	1
  60 001f 40       		.byte	64
  61 0020 01       		.byte	1
  62 0021 15       		.byte	21
  63 0022 01       		.byte	1
  64 0023 40       		.byte	64
  65 0024 46       		.byte	70
  66 0025 18       		.byte	24
  67 0026 01       		.byte	1
  68 0027 40       		.byte	64
  69 0028 41       		.byte	65
  70 0029 19       		.byte	25
  71 002a 01       		.byte	1
  72 002b 40       		.byte	64
  73 002c 4F       		.byte	79
  74 002d 1A       		.byte	26
  75 002e 01       		.byte	1
  76 002f 40       		.byte	64
  77 0030 4E       		.byte	78
  78 0031 1B       		.byte	27
  79 0032 01       		.byte	1
  80 0033 40       		.byte	64
  81 0034 03       		.byte	3
  82 0035 40       		.byte	64
  83 0036 01       		.byte	1
  84 0037 40       		.byte	64
  85 0038 02       		.byte	2
  86 0039 41       		.byte	65
  87 003a 01       		.byte	1
  88 003b 40       		.byte	64
  89 003c 02       		.byte	2
  90 003d 42       		.byte	66
  91 003e 01       		.byte	1
  92 003f 40       		.byte	64
  93 0040 04       		.byte	4
  94 0041 43       		.byte	67
  95 0042 01       		.byte	1
  96 0043 40       		.byte	64
  97 0044 04       		.byte	4
  98 0045 45       		.byte	69
  99 0046 01       		.byte	1
 100 0047 40       		.byte	64
 101 0048 03       		.byte	3
 102 0049 46       		.byte	70
 103 004a 01       		.byte	1
 104 004b 40       		.byte	64
 105 004c 01       		.byte	1
 106 004d 47       		.byte	71
 107 004e 01       		.byte	1
 108 004f 40       		.byte	64
 109 0050 01       		.byte	1
 110 0051 48       		.byte	72
 111 0052 01       		.byte	1
 112 0053 40       		.byte	64
 113 0054 02       		.byte	2
 114 0055 49       		.byte	73
ARM GAS  C:\Users\serga\AppData\Local\Temp\ccN7J8cw.s 			page 3


 115 0056 01       		.byte	1
 116 0057 40       		.byte	64
 117 0058 0A       		.byte	10
 118 0059 4C       		.byte	76
 119 005a 01       		.byte	1
 120 005b 40       		.byte	64
 121 005c 07       		.byte	7
 122 005d 4D       		.byte	77
 123 005e 01       		.byte	1
 124 005f 40       		.byte	64
 125 0060 04       		.byte	4
 126 0061 50       		.byte	80
 127 0062 01       		.byte	1
 128 0063 40       		.byte	64
 129 0064 01       		.byte	1
 130 0065 51       		.byte	81
 131 0066 01       		.byte	1
 132 0067 40       		.byte	64
 133 0068 09       		.byte	9
 134 0069 80       		.byte	-128
 135 006a 10       		.byte	16
 136 006b 02       		.byte	2
 137 006c 11       		.byte	17
 138 006d 02       		.byte	2
 139 006e 61       		.byte	97
 140 006f 80       		.byte	-128
 141 0070 64       		.byte	100
 142 0071 40       		.byte	64
 143 0072 88       		.byte	-120
 144 0073 0F       		.byte	15
 145 0074 8A       		.byte	-118
 146 0075 0F       		.byte	15
 147 0076 89       		.byte	-119
 148 0077 72       		.byte	114
 149 0078 8B       		.byte	-117
 150 0079 38       		.byte	56
 151 007a E6       		.byte	-26
 152 007b 02       		.byte	2
 153 007c 01       		.byte	1
 154 007d 80       		.byte	-128
 155 007e 03       		.byte	3
 156 007f 15       		.byte	21
 157 0080 05       		.byte	5
 158 0081 03       		.byte	3
 159 0082 07       		.byte	7
 160 0083 04       		.byte	4
 161 0084 0A       		.byte	10
 162 0085 02       		.byte	2
 163 0086 0E       		.byte	14
 164 0087 06       		.byte	6
 165 0088 13       		.byte	19
 166 0089 08       		.byte	8
 167 008a 15       		.byte	21
 168 008b 73       		.byte	115
 169 008c 17       		.byte	23
 170 008d 0C       		.byte	12
 171 008e 19       		.byte	25
ARM GAS  C:\Users\serga\AppData\Local\Temp\ccN7J8cw.s 			page 4


 172 008f 2A       		.byte	42
 173 0090 1B       		.byte	27
 174 0091 44       		.byte	68
 175 0092 1E       		.byte	30
 176 0093 01       		.byte	1
 177 0094 21       		.byte	33
 178 0095 73       		.byte	115
 179 0096 22       		.byte	34
 180 0097 03       		.byte	3
 181 0098 23       		.byte	35
 182 0099 04       		.byte	4
 183 009a 26       		.byte	38
 184 009b 05       		.byte	5
 185 009c 28       		.byte	40
 186 009d 06       		.byte	6
 187 009e 2A       		.byte	42
 188 009f 01       		.byte	1
 189 00a0 33       		.byte	51
 190 00a1 30       		.byte	48
 191 00a2 35       		.byte	53
 192 00a3 0F       		.byte	15
 193 00a4 36       		.byte	54
 194 00a5 07       		.byte	7
 195 00a6 37       		.byte	55
 196 00a7 C0       		.byte	-64
 197 00a8 39       		.byte	57
 198 00a9 88       		.byte	-120
 199 00aa 3A       		.byte	58
 200 00ab 80       		.byte	-128
 201 00ac 3B       		.byte	59
 202 00ad 20       		.byte	32
 203 00ae 3F       		.byte	63
 204 00af 04       		.byte	4
 205 00b0 40       		.byte	64
 206 00b1 02       		.byte	2
 207 00b2 47       		.byte	71
 208 00b3 04       		.byte	4
 209 00b4 49       		.byte	73
 210 00b5 FF       		.byte	-1
 211 00b6 4A       		.byte	74
 212 00b7 07       		.byte	7
 213 00b8 4B       		.byte	75
 214 00b9 FF       		.byte	-1
 215 00ba 4C       		.byte	76
 216 00bb 40       		.byte	64
 217 00bc 4D       		.byte	77
 218 00bd 20       		.byte	32
 219 00be 4E       		.byte	78
 220 00bf F0       		.byte	-16
 221 00c0 4F       		.byte	79
 222 00c1 05       		.byte	5
 223 00c2 50       		.byte	80
 224 00c3 08       		.byte	8
 225 00c4 54       		.byte	84
 226 00c5 01       		.byte	1
 227 00c6 58       		.byte	88
 228 00c7 04       		.byte	4
ARM GAS  C:\Users\serga\AppData\Local\Temp\ccN7J8cw.s 			page 5


 229 00c8 59       		.byte	89
 230 00c9 04       		.byte	4
 231 00ca 5A       		.byte	90
 232 00cb 04       		.byte	4
 233 00cc 5B       		.byte	91
 234 00cd 04       		.byte	4
 235 00ce 5F       		.byte	95
 236 00cf 01       		.byte	1
 237 00d0 60       		.byte	96
 238 00d1 40       		.byte	64
 239 00d2 61       		.byte	97
 240 00d3 A8       		.byte	-88
 241 00d4 62       		.byte	98
 242 00d5 40       		.byte	64
 243 00d6 63       		.byte	99
 244 00d7 20       		.byte	32
 245 00d8 82       		.byte	-126
 246 00d9 80       		.byte	-128
 247 00da 84       		.byte	-124
 248 00db 01       		.byte	1
 249 00dc 85       		.byte	-123
 250 00dd 06       		.byte	6
 251 00de 86       		.byte	-122
 252 00df 3A       		.byte	58
 253 00e0 88       		.byte	-120
 254 00e1 02       		.byte	2
 255 00e2 8A       		.byte	-118
 256 00e3 1D       		.byte	29
 257 00e4 8B       		.byte	-117
 258 00e5 18       		.byte	24
 259 00e6 8C       		.byte	-116
 260 00e7 D0       		.byte	-48
 261 00e8 8F       		.byte	-113
 262 00e9 20       		.byte	32
 263 00ea 91       		.byte	-111
 264 00eb 2B       		.byte	43
 265 00ec 92       		.byte	-110
 266 00ed D0       		.byte	-48
 267 00ee 93       		.byte	-109
 268 00ef 14       		.byte	20
 269 00f0 94       		.byte	-108
 270 00f1 23       		.byte	35
 271 00f2 95       		.byte	-107
 272 00f3 15       		.byte	21
 273 00f4 96       		.byte	-106
 274 00f5 14       		.byte	20
 275 00f6 97       		.byte	-105
 276 00f7 22       		.byte	34
 277 00f8 99       		.byte	-103
 278 00f9 30       		.byte	48
 279 00fa 9B       		.byte	-101
 280 00fb 09       		.byte	9
 281 00fc 9C       		.byte	-100
 282 00fd D0       		.byte	-48
 283 00fe A4       		.byte	-92
 284 00ff D0       		.byte	-48
 285 0100 A8       		.byte	-88
ARM GAS  C:\Users\serga\AppData\Local\Temp\ccN7J8cw.s 			page 6


 286 0101 D0       		.byte	-48
 287 0102 AC       		.byte	-84
 288 0103 03       		.byte	3
 289 0104 AE       		.byte	-82
 290 0105 2C       		.byte	44
 291 0106 B0       		.byte	-80
 292 0107 20       		.byte	32
 293 0108 B2       		.byte	-78
 294 0109 1F       		.byte	31
 295 010a B3       		.byte	-77
 296 010b 07       		.byte	7
 297 010c B4       		.byte	-76
 298 010d 80       		.byte	-128
 299 010e B5       		.byte	-75
 300 010f 38       		.byte	56
 301 0110 B6       		.byte	-74
 302 0111 40       		.byte	64
 303 0112 B9       		.byte	-71
 304 0113 08       		.byte	8
 305 0114 BA       		.byte	-70
 306 0115 08       		.byte	8
 307 0116 BE       		.byte	-66
 308 0117 51       		.byte	81
 309 0118 D4       		.byte	-44
 310 0119 40       		.byte	64
 311 011a D6       		.byte	-42
 312 011b 04       		.byte	4
 313 011c D8       		.byte	-40
 314 011d 04       		.byte	4
 315 011e D9       		.byte	-39
 316 011f 04       		.byte	4
 317 0120 DB       		.byte	-37
 318 0121 04       		.byte	4
 319 0122 DC       		.byte	-36
 320 0123 11       		.byte	17
 321 0124 DD       		.byte	-35
 322 0125 10       		.byte	16
 323 0126 DF       		.byte	-33
 324 0127 01       		.byte	1
 325 0128 00       		.byte	0
 326 0129 90       		.byte	-112
 327 012a 01       		.byte	1
 328 012b 02       		.byte	2
 329 012c 02       		.byte	2
 330 012d 40       		.byte	64
 331 012e 03       		.byte	3
 332 012f 20       		.byte	32
 333 0130 06       		.byte	6
 334 0131 04       		.byte	4
 335 0132 07       		.byte	7
 336 0133 01       		.byte	1
 337 0134 09       		.byte	9
 338 0135 08       		.byte	8
 339 0136 0A       		.byte	10
 340 0137 41       		.byte	65
 341 0138 0F       		.byte	15
 342 0139 02       		.byte	2
ARM GAS  C:\Users\serga\AppData\Local\Temp\ccN7J8cw.s 			page 7


 343 013a 10       		.byte	16
 344 013b 28       		.byte	40
 345 013c 12       		.byte	18
 346 013d 02       		.byte	2
 347 013e 15       		.byte	21
 348 013f 01       		.byte	1
 349 0140 17       		.byte	23
 350 0141 18       		.byte	24
 351 0142 18       		.byte	24
 352 0143 10       		.byte	16
 353 0144 19       		.byte	25
 354 0145 80       		.byte	-128
 355 0146 1A       		.byte	26
 356 0147 80       		.byte	-128
 357 0148 1B       		.byte	27
 358 0149 14       		.byte	20
 359 014a 1F       		.byte	31
 360 014b 40       		.byte	64
 361 014c 21       		.byte	33
 362 014d 14       		.byte	20
 363 014e 25       		.byte	37
 364 014f 10       		.byte	16
 365 0150 26       		.byte	38
 366 0151 80       		.byte	-128
 367 0152 27       		.byte	39
 368 0153 29       		.byte	41
 369 0154 28       		.byte	40
 370 0155 01       		.byte	1
 371 0156 29       		.byte	41
 372 0157 80       		.byte	-128
 373 0158 2D       		.byte	45
 374 0159 01       		.byte	1
 375 015a 2F       		.byte	47
 376 015b 40       		.byte	64
 377 015c 31       		.byte	49
 378 015d 08       		.byte	8
 379 015e 32       		.byte	50
 380 015f 02       		.byte	2
 381 0160 33       		.byte	51
 382 0161 20       		.byte	32
 383 0162 37       		.byte	55
 384 0163 19       		.byte	25
 385 0164 39       		.byte	57
 386 0165 A8       		.byte	-88
 387 0166 3E       		.byte	62
 388 0167 08       		.byte	8
 389 0168 3F       		.byte	63
 390 0169 02       		.byte	2
 391 016a 47       		.byte	71
 392 016b 20       		.byte	32
 393 016c 4F       		.byte	79
 394 016d 02       		.byte	2
 395 016e 56       		.byte	86
 396 016f 04       		.byte	4
 397 0170 57       		.byte	87
 398 0171 08       		.byte	8
 399 0172 5C       		.byte	92
ARM GAS  C:\Users\serga\AppData\Local\Temp\ccN7J8cw.s 			page 8


 400 0173 20       		.byte	32
 401 0174 5E       		.byte	94
 402 0175 88       		.byte	-120
 403 0176 5F       		.byte	95
 404 0177 01       		.byte	1
 405 0178 62       		.byte	98
 406 0179 60       		.byte	96
 407 017a 63       		.byte	99
 408 017b 60       		.byte	96
 409 017c 64       		.byte	100
 410 017d 20       		.byte	32
 411 017e 66       		.byte	102
 412 017f 08       		.byte	8
 413 0180 87       		.byte	-121
 414 0181 40       		.byte	64
 415 0182 91       		.byte	-111
 416 0183 80       		.byte	-128
 417 0184 92       		.byte	-110
 418 0185 41       		.byte	65
 419 0186 97       		.byte	-105
 420 0187 80       		.byte	-128
 421 0188 98       		.byte	-104
 422 0189 10       		.byte	16
 423 018a 99       		.byte	-103
 424 018b 06       		.byte	6
 425 018c 9C       		.byte	-100
 426 018d 08       		.byte	8
 427 018e 9D       		.byte	-99
 428 018f 80       		.byte	-128
 429 0190 9E       		.byte	-98
 430 0191 80       		.byte	-128
 431 0192 9F       		.byte	-97
 432 0193 19       		.byte	25
 433 0194 A0       		.byte	-96
 434 0195 68       		.byte	104
 435 0196 A1       		.byte	-95
 436 0197 C8       		.byte	-56
 437 0198 A2       		.byte	-94
 438 0199 22       		.byte	34
 439 019a A3       		.byte	-93
 440 019b 20       		.byte	32
 441 019c A7       		.byte	-89
 442 019d 0C       		.byte	12
 443 019e C0       		.byte	-64
 444 019f CF       		.byte	-49
 445 01a0 C2       		.byte	-62
 446 01a1 8D       		.byte	-115
 447 01a2 C4       		.byte	-60
 448 01a3 77       		.byte	119
 449 01a4 CA       		.byte	-54
 450 01a5 80       		.byte	-128
 451 01a6 CC       		.byte	-52
 452 01a7 E7       		.byte	-25
 453 01a8 CE       		.byte	-50
 454 01a9 CE       		.byte	-50
 455 01aa D0       		.byte	-48
 456 01ab 20       		.byte	32
ARM GAS  C:\Users\serga\AppData\Local\Temp\ccN7J8cw.s 			page 9


 457 01ac D6       		.byte	-42
 458 01ad F0       		.byte	-16
 459 01ae D8       		.byte	-40
 460 01af 0F       		.byte	15
 461 01b0 8F       		.byte	-113
 462 01b1 03       		.byte	3
 463 01b2 91       		.byte	-111
 464 01b3 09       		.byte	9
 465 01b4 93       		.byte	-109
 466 01b5 10       		.byte	16
 467 01b6 95       		.byte	-107
 468 01b7 10       		.byte	16
 469 01b8 97       		.byte	-105
 470 01b9 0C       		.byte	12
 471 01ba 99       		.byte	-103
 472 01bb 1C       		.byte	28
 473 01bc 9B       		.byte	-101
 474 01bd 02       		.byte	2
 475 01be A1       		.byte	-95
 476 01bf 0C       		.byte	12
 477 01c0 A3       		.byte	-93
 478 01c1 11       		.byte	17
 479 01c2 A9       		.byte	-87
 480 01c3 10       		.byte	16
 481 01c4 AD       		.byte	-83
 482 01c5 14       		.byte	20
 483 01c6 B7       		.byte	-73
 484 01c7 1F       		.byte	31
 485 01c8 D9       		.byte	-39
 486 01c9 04       		.byte	4
 487 01ca DF       		.byte	-33
 488 01cb 01       		.byte	1
 489 01cc 02       		.byte	2
 490 01cd 02       		.byte	2
 491 01ce 03       		.byte	3
 492 01cf A0       		.byte	-96
 493 01d0 08       		.byte	8
 494 01d1 11       		.byte	17
 495 01d2 09       		.byte	9
 496 01d3 08       		.byte	8
 497 01d4 0A       		.byte	10
 498 01d5 41       		.byte	65
 499 01d6 0B       		.byte	11
 500 01d7 08       		.byte	8
 501 01d8 10       		.byte	16
 502 01d9 28       		.byte	40
 503 01da 11       		.byte	17
 504 01db 01       		.byte	1
 505 01dc 19       		.byte	25
 506 01dd 10       		.byte	16
 507 01de 1B       		.byte	27
 508 01df A0       		.byte	-96
 509 01e0 20       		.byte	32
 510 01e1 08       		.byte	8
 511 01e2 21       		.byte	33
 512 01e3 8D       		.byte	-115
 513 01e4 22       		.byte	34
ARM GAS  C:\Users\serga\AppData\Local\Temp\ccN7J8cw.s 			page 10


 514 01e5 02       		.byte	2
 515 01e6 25       		.byte	37
 516 01e7 40       		.byte	64
 517 01e8 28       		.byte	40
 518 01e9 01       		.byte	1
 519 01ea 2A       		.byte	42
 520 01eb 04       		.byte	4
 521 01ec 2E       		.byte	46
 522 01ed 80       		.byte	-128
 523 01ee 2F       		.byte	47
 524 01ef 48       		.byte	72
 525 01f0 31       		.byte	49
 526 01f1 18       		.byte	24
 527 01f2 32       		.byte	50
 528 01f3 02       		.byte	2
 529 01f4 33       		.byte	51
 530 01f5 40       		.byte	64
 531 01f6 37       		.byte	55
 532 01f7 19       		.byte	25
 533 01f8 38       		.byte	56
 534 01f9 80       		.byte	-128
 535 01fa 39       		.byte	57
 536 01fb 14       		.byte	20
 537 01fc 3D       		.byte	61
 538 01fd 80       		.byte	-128
 539 01fe 40       		.byte	64
 540 01ff 08       		.byte	8
 541 0200 41       		.byte	65
 542 0201 05       		.byte	5
 543 0202 49       		.byte	73
 544 0203 96       		.byte	-106
 545 0204 51       		.byte	81
 546 0205 40       		.byte	64
 547 0206 52       		.byte	82
 548 0207 24       		.byte	36
 549 0208 53       		.byte	83
 550 0209 04       		.byte	4
 551 020a 63       		.byte	99
 552 020b 08       		.byte	8
 553 020c 68       		.byte	104
 554 020d 68       		.byte	104
 555 020e 69       		.byte	105
 556 020f 15       		.byte	21
 557 0210 6A       		.byte	106
 558 0211 40       		.byte	64
 559 0212 6B       		.byte	107
 560 0213 40       		.byte	64
 561 0214 70       		.byte	112
 562 0215 40       		.byte	64
 563 0216 72       		.byte	114
 564 0217 01       		.byte	1
 565 0218 84       		.byte	-124
 566 0219 04       		.byte	4
 567 021a C0       		.byte	-64
 568 021b 0D       		.byte	13
 569 021c C2       		.byte	-62
 570 021d 0F       		.byte	15
ARM GAS  C:\Users\serga\AppData\Local\Temp\ccN7J8cw.s 			page 11


 571 021e C4       		.byte	-60
 572 021f 0E       		.byte	14
 573 0220 CA       		.byte	-54
 574 0221 BA       		.byte	-70
 575 0222 CC       		.byte	-52
 576 0223 EF       		.byte	-17
 577 0224 CE       		.byte	-50
 578 0225 1E       		.byte	30
 579 0226 D0       		.byte	-48
 580 0227 07       		.byte	7
 581 0228 D2       		.byte	-46
 582 0229 0C       		.byte	12
 583 022a D8       		.byte	-40
 584 022b 04       		.byte	4
 585 022c E4       		.byte	-28
 586 022d 02       		.byte	2
 587 022e E2       		.byte	-30
 588 022f 20       		.byte	32
 589 0230 17       		.byte	23
 590 0231 01       		.byte	1
 591 0232 18       		.byte	24
 592 0233 01       		.byte	1
 593 0234 1B       		.byte	27
 594 0235 01       		.byte	1
 595 0236 33       		.byte	51
 596 0237 01       		.byte	1
 597 0238 34       		.byte	52
 598 0239 01       		.byte	1
 599 023a 3E       		.byte	62
 600 023b 10       		.byte	16
 601 023c 3F       		.byte	63
 602 023d 04       		.byte	4
 603 023e 40       		.byte	64
 604 023f 21       		.byte	33
 605 0240 41       		.byte	65
 606 0241 05       		.byte	5
 607 0242 45       		.byte	69
 608 0243 EE       		.byte	-18
 609 0244 46       		.byte	70
 610 0245 0B       		.byte	11
 611 0246 47       		.byte	71
 612 0247 0C       		.byte	12
 613 0248 48       		.byte	72
 614 0249 17       		.byte	23
 615 024a 49       		.byte	73
 616 024b FF       		.byte	-1
 617 024c 4A       		.byte	74
 618 024d FF       		.byte	-1
 619 024e 4B       		.byte	75
 620 024f FF       		.byte	-1
 621 0250 4E       		.byte	78
 622 0251 F0       		.byte	-16
 623 0252 4F       		.byte	79
 624 0253 44       		.byte	68
 625 0254 50       		.byte	80
 626 0255 0C       		.byte	12
 627 0256 58       		.byte	88
ARM GAS  C:\Users\serga\AppData\Local\Temp\ccN7J8cw.s 			page 12


 628 0257 04       		.byte	4
 629 0258 59       		.byte	89
 630 0259 04       		.byte	4
 631 025a 5A       		.byte	90
 632 025b 04       		.byte	4
 633 025c 5F       		.byte	95
 634 025d 01       		.byte	1
 635 025e 66       		.byte	102
 636 025f C0       		.byte	-64
 637 0260 6A       		.byte	106
 638 0261 40       		.byte	64
 639 0262 6B       		.byte	107
 640 0263 02       		.byte	2
 641 0264 81       		.byte	-127
 642 0265 10       		.byte	16
 643 0266 82       		.byte	-126
 644 0267 23       		.byte	35
 645 0268 84       		.byte	-124
 646 0269 33       		.byte	51
 647 026a 85       		.byte	-123
 648 026b 18       		.byte	24
 649 026c 86       		.byte	-122
 650 026d 0C       		.byte	12
 651 026e 89       		.byte	-119
 652 026f 08       		.byte	8
 653 0270 8C       		.byte	-116
 654 0271 01       		.byte	1
 655 0272 8D       		.byte	-115
 656 0273 80       		.byte	-128
 657 0274 90       		.byte	-112
 658 0275 3F       		.byte	63
 659 0276 93       		.byte	-109
 660 0277 04       		.byte	4
 661 0278 94       		.byte	-108
 662 0279 1C       		.byte	28
 663 027a 95       		.byte	-107
 664 027b 3C       		.byte	60
 665 027c 96       		.byte	-106
 666 027d 23       		.byte	35
 667 027e 97       		.byte	-105
 668 027f C2       		.byte	-62
 669 0280 98       		.byte	-104
 670 0281 03       		.byte	3
 671 0282 99       		.byte	-103
 672 0283 E7       		.byte	-25
 673 0284 9B       		.byte	-101
 674 0285 18       		.byte	24
 675 0286 9C       		.byte	-100
 676 0287 1F       		.byte	31
 677 0288 9D       		.byte	-99
 678 0289 1C       		.byte	28
 679 028a 9E       		.byte	-98
 680 028b 20       		.byte	32
 681 028c 9F       		.byte	-97
 682 028d E1       		.byte	-31
 683 028e A0       		.byte	-96
 684 028f 08       		.byte	8
ARM GAS  C:\Users\serga\AppData\Local\Temp\ccN7J8cw.s 			page 13


 685 0290 A1       		.byte	-95
 686 0291 FF       		.byte	-1
 687 0292 A4       		.byte	-92
 688 0293 04       		.byte	4
 689 0294 A5       		.byte	-91
 690 0295 C0       		.byte	-64
 691 0296 A8       		.byte	-88
 692 0297 0C       		.byte	12
 693 0298 A9       		.byte	-87
 694 0299 44       		.byte	68
 695 029a AC       		.byte	-84
 696 029b 02       		.byte	2
 697 029c AF       		.byte	-81
 698 029d E3       		.byte	-29
 699 029e B1       		.byte	-79
 700 029f C0       		.byte	-64
 701 02a0 B2       		.byte	-78
 702 02a1 10       		.byte	16
 703 02a2 B3       		.byte	-77
 704 02a3 1F       		.byte	31
 705 02a4 B4       		.byte	-76
 706 02a5 0F       		.byte	15
 707 02a6 B5       		.byte	-75
 708 02a7 38       		.byte	56
 709 02a8 B6       		.byte	-74
 710 02a9 2C       		.byte	44
 711 02aa BA       		.byte	-70
 712 02ab A2       		.byte	-94
 713 02ac BB       		.byte	-69
 714 02ad 08       		.byte	8
 715 02ae BE       		.byte	-66
 716 02af 04       		.byte	4
 717 02b0 D6       		.byte	-42
 718 02b1 02       		.byte	2
 719 02b2 D7       		.byte	-41
 720 02b3 11       		.byte	17
 721 02b4 D8       		.byte	-40
 722 02b5 04       		.byte	4
 723 02b6 D9       		.byte	-39
 724 02b7 04       		.byte	4
 725 02b8 DB       		.byte	-37
 726 02b9 04       		.byte	4
 727 02ba DF       		.byte	-33
 728 02bb 01       		.byte	1
 729 02bc 00       		.byte	0
 730 02bd 06       		.byte	6
 731 02be 01       		.byte	1
 732 02bf 80       		.byte	-128
 733 02c0 02       		.byte	2
 734 02c1 40       		.byte	64
 735 02c2 09       		.byte	9
 736 02c3 08       		.byte	8
 737 02c4 0A       		.byte	10
 738 02c5 45       		.byte	69
 739 02c6 0F       		.byte	15
 740 02c7 08       		.byte	8
 741 02c8 10       		.byte	16
ARM GAS  C:\Users\serga\AppData\Local\Temp\ccN7J8cw.s 			page 14


 742 02c9 A0       		.byte	-96
 743 02ca 11       		.byte	17
 744 02cb 40       		.byte	64
 745 02cc 13       		.byte	19
 746 02cd 10       		.byte	16
 747 02ce 14       		.byte	20
 748 02cf 08       		.byte	8
 749 02d0 15       		.byte	21
 750 02d1 03       		.byte	3
 751 02d2 17       		.byte	23
 752 02d3 20       		.byte	32
 753 02d4 18       		.byte	24
 754 02d5 04       		.byte	4
 755 02d6 19       		.byte	25
 756 02d7 12       		.byte	18
 757 02d8 1A       		.byte	26
 758 02d9 51       		.byte	81
 759 02da 1B       		.byte	27
 760 02db 80       		.byte	-128
 761 02dc 1E       		.byte	30
 762 02dd 08       		.byte	8
 763 02de 21       		.byte	33
 764 02df 19       		.byte	25
 765 02e0 27       		.byte	39
 766 02e1 20       		.byte	32
 767 02e2 29       		.byte	41
 768 02e3 02       		.byte	2
 769 02e4 2A       		.byte	42
 770 02e5 60       		.byte	96
 771 02e6 2B       		.byte	43
 772 02e7 10       		.byte	16
 773 02e8 31       		.byte	49
 774 02e9 18       		.byte	24
 775 02ea 32       		.byte	50
 776 02eb 01       		.byte	1
 777 02ec 33       		.byte	51
 778 02ed 80       		.byte	-128
 779 02ee 36       		.byte	54
 780 02ef 28       		.byte	40
 781 02f0 38       		.byte	56
 782 02f1 A8       		.byte	-88
 783 02f2 39       		.byte	57
 784 02f3 40       		.byte	64
 785 02f4 3A       		.byte	58
 786 02f5 02       		.byte	2
 787 02f6 44       		.byte	68
 788 02f7 02       		.byte	2
 789 02f8 45       		.byte	69
 790 02f9 10       		.byte	16
 791 02fa 4B       		.byte	75
 792 02fb C0       		.byte	-64
 793 02fc 4F       		.byte	79
 794 02fd 49       		.byte	73
 795 02fe 56       		.byte	86
 796 02ff 88       		.byte	-120
 797 0300 5A       		.byte	90
 798 0301 10       		.byte	16
ARM GAS  C:\Users\serga\AppData\Local\Temp\ccN7J8cw.s 			page 15


 799 0302 60       		.byte	96
 800 0303 02       		.byte	2
 801 0304 63       		.byte	99
 802 0305 02       		.byte	2
 803 0306 69       		.byte	105
 804 0307 14       		.byte	20
 805 0308 6B       		.byte	107
 806 0309 01       		.byte	1
 807 030a 70       		.byte	112
 808 030b B4       		.byte	-76
 809 030c 72       		.byte	114
 810 030d 02       		.byte	2
 811 030e 73       		.byte	115
 812 030f 10       		.byte	16
 813 0310 92       		.byte	-110
 814 0311 80       		.byte	-128
 815 0312 93       		.byte	-109
 816 0313 80       		.byte	-128
 817 0314 97       		.byte	-105
 818 0315 01       		.byte	1
 819 0316 98       		.byte	-104
 820 0317 11       		.byte	17
 821 0318 99       		.byte	-103
 822 0319 04       		.byte	4
 823 031a 9E       		.byte	-98
 824 031b 88       		.byte	-120
 825 031c 9F       		.byte	-97
 826 031d 10       		.byte	16
 827 031e A1       		.byte	-95
 828 031f D0       		.byte	-48
 829 0320 A2       		.byte	-94
 830 0321 80       		.byte	-128
 831 0322 A3       		.byte	-93
 832 0323 09       		.byte	9
 833 0324 A6       		.byte	-90
 834 0325 44       		.byte	68
 835 0326 AD       		.byte	-83
 836 0327 14       		.byte	20
 837 0328 B0       		.byte	-80
 838 0329 08       		.byte	8
 839 032a C0       		.byte	-64
 840 032b 0D       		.byte	13
 841 032c C2       		.byte	-62
 842 032d 4F       		.byte	79
 843 032e C4       		.byte	-60
 844 032f 0F       		.byte	15
 845 0330 CA       		.byte	-54
 846 0331 0F       		.byte	15
 847 0332 CC       		.byte	-52
 848 0333 6F       		.byte	111
 849 0334 CE       		.byte	-50
 850 0335 0F       		.byte	15
 851 0336 D0       		.byte	-48
 852 0337 30       		.byte	48
 853 0338 D2       		.byte	-46
 854 0339 10       		.byte	16
 855 033a D6       		.byte	-42
ARM GAS  C:\Users\serga\AppData\Local\Temp\ccN7J8cw.s 			page 16


 856 033b 04       		.byte	4
 857 033c E8       		.byte	-24
 858 033d 0A       		.byte	10
 859 033e 00       		.byte	0
 860 033f 42       		.byte	66
 861 0340 02       		.byte	2
 862 0341 19       		.byte	25
 863 0342 05       		.byte	5
 864 0343 01       		.byte	1
 865 0344 0B       		.byte	11
 866 0345 08       		.byte	8
 867 0346 0D       		.byte	13
 868 0347 04       		.byte	4
 869 0348 11       		.byte	17
 870 0349 01       		.byte	1
 871 034a 17       		.byte	23
 872 034b 04       		.byte	4
 873 034c 18       		.byte	24
 874 034d 10       		.byte	16
 875 034e 19       		.byte	25
 876 034f 04       		.byte	4
 877 0350 1A       		.byte	26
 878 0351 64       		.byte	100
 879 0352 1F       		.byte	31
 880 0353 08       		.byte	8
 881 0354 23       		.byte	35
 882 0355 04       		.byte	4
 883 0356 24       		.byte	36
 884 0357 73       		.byte	115
 885 0358 28       		.byte	40
 886 0359 73       		.byte	115
 887 035a 29       		.byte	41
 888 035b 01       		.byte	1
 889 035c 2C       		.byte	44
 890 035d 21       		.byte	33
 891 035e 2E       		.byte	46
 892 035f 1A       		.byte	26
 893 0360 2F       		.byte	47
 894 0361 02       		.byte	2
 895 0362 30       		.byte	48
 896 0363 03       		.byte	3
 897 0364 31       		.byte	49
 898 0365 02       		.byte	2
 899 0366 33       		.byte	51
 900 0367 08       		.byte	8
 901 0368 34       		.byte	52
 902 0369 70       		.byte	112
 903 036a 35       		.byte	53
 904 036b 04       		.byte	4
 905 036c 36       		.byte	54
 906 036d 0C       		.byte	12
 907 036e 37       		.byte	55
 908 036f 01       		.byte	1
 909 0370 39       		.byte	57
 910 0371 20       		.byte	32
 911 0372 3E       		.byte	62
 912 0373 40       		.byte	64
ARM GAS  C:\Users\serga\AppData\Local\Temp\ccN7J8cw.s 			page 17


 913 0374 3F       		.byte	63
 914 0375 04       		.byte	4
 915 0376 40       		.byte	64
 916 0377 25       		.byte	37
 917 0378 41       		.byte	65
 918 0379 04       		.byte	4
 919 037a 42       		.byte	66
 920 037b 06       		.byte	6
 921 037c 44       		.byte	68
 922 037d 01       		.byte	1
 923 037e 45       		.byte	69
 924 037f C0       		.byte	-64
 925 0380 47       		.byte	71
 926 0381 0E       		.byte	14
 927 0382 48       		.byte	72
 928 0383 12       		.byte	18
 929 0384 49       		.byte	73
 930 0385 FF       		.byte	-1
 931 0386 4A       		.byte	74
 932 0387 FF       		.byte	-1
 933 0388 4B       		.byte	75
 934 0389 FF       		.byte	-1
 935 038a 4C       		.byte	76
 936 038b 62       		.byte	98
 937 038c 4D       		.byte	77
 938 038d A0       		.byte	-96
 939 038e 4E       		.byte	78
 940 038f F0       		.byte	-16
 941 0390 4F       		.byte	79
 942 0391 41       		.byte	65
 943 0392 50       		.byte	80
 944 0393 0C       		.byte	12
 945 0394 54       		.byte	84
 946 0395 09       		.byte	9
 947 0396 56       		.byte	86
 948 0397 04       		.byte	4
 949 0398 58       		.byte	88
 950 0399 04       		.byte	4
 951 039a 59       		.byte	89
 952 039b 04       		.byte	4
 953 039c 5A       		.byte	90
 954 039d 04       		.byte	4
 955 039e 5B       		.byte	91
 956 039f 04       		.byte	4
 957 03a0 5D       		.byte	93
 958 03a1 10       		.byte	16
 959 03a2 5F       		.byte	95
 960 03a3 01       		.byte	1
 961 03a4 66       		.byte	102
 962 03a5 40       		.byte	64
 963 03a6 67       		.byte	103
 964 03a7 02       		.byte	2
 965 03a8 69       		.byte	105
 966 03a9 10       		.byte	16
 967 03aa 6A       		.byte	106
 968 03ab 30       		.byte	48
 969 03ac 6B       		.byte	107
ARM GAS  C:\Users\serga\AppData\Local\Temp\ccN7J8cw.s 			page 18


 970 03ad 10       		.byte	16
 971 03ae 6D       		.byte	109
 972 03af 10       		.byte	16
 973 03b0 6E       		.byte	110
 974 03b1 10       		.byte	16
 975 03b2 6F       		.byte	111
 976 03b3 12       		.byte	18
 977 03b4 83       		.byte	-125
 978 03b5 13       		.byte	19
 979 03b6 87       		.byte	-121
 980 03b7 10       		.byte	16
 981 03b8 89       		.byte	-119
 982 03b9 11       		.byte	17
 983 03ba 8B       		.byte	-117
 984 03bb 06       		.byte	6
 985 03bc 8D       		.byte	-115
 986 03bd 20       		.byte	32
 987 03be 99       		.byte	-103
 988 03bf 0C       		.byte	12
 989 03c0 9B       		.byte	-101
 990 03c1 13       		.byte	19
 991 03c2 9F       		.byte	-97
 992 03c3 0C       		.byte	12
 993 03c4 A1       		.byte	-95
 994 03c5 11       		.byte	17
 995 03c6 A3       		.byte	-93
 996 03c7 0E       		.byte	14
 997 03c8 AB       		.byte	-85
 998 03c9 08       		.byte	8
 999 03ca B3       		.byte	-77
 1000 03cb 0F       		.byte	15
 1001 03cc B5       		.byte	-75
 1002 03cd 20       		.byte	32
 1003 03ce B7       		.byte	-73
 1004 03cf 10       		.byte	16
 1005 03d0 BB       		.byte	-69
 1006 03d1 08       		.byte	8
 1007 03d2 BF       		.byte	-65
 1008 03d3 50       		.byte	80
 1009 03d4 D4       		.byte	-44
 1010 03d5 18       		.byte	24
 1011 03d6 D9       		.byte	-39
 1012 03d7 04       		.byte	4
 1013 03d8 DB       		.byte	-37
 1014 03d9 04       		.byte	4
 1015 03da DF       		.byte	-33
 1016 03db 01       		.byte	1
 1017 03dc 01       		.byte	1
 1018 03dd 02       		.byte	2
 1019 03de 0A       		.byte	10
 1020 03df 04       		.byte	4
 1021 03e0 10       		.byte	16
 1022 03e1 06       		.byte	6
 1023 03e2 11       		.byte	17
 1024 03e3 14       		.byte	20
 1025 03e4 18       		.byte	24
 1026 03e5 81       		.byte	-127
ARM GAS  C:\Users\serga\AppData\Local\Temp\ccN7J8cw.s 			page 19


 1027 03e6 19       		.byte	25
 1028 03e7 02       		.byte	2
 1029 03e8 1A       		.byte	26
 1030 03e9 04       		.byte	4
 1031 03ea 1B       		.byte	27
 1032 03eb 10       		.byte	16
 1033 03ec 20       		.byte	32
 1034 03ed 02       		.byte	2
 1035 03ee 22       		.byte	34
 1036 03ef 21       		.byte	33
 1037 03f0 23       		.byte	35
 1038 03f1 20       		.byte	32
 1039 03f2 26       		.byte	38
 1040 03f3 40       		.byte	64
 1041 03f4 27       		.byte	39
 1042 03f5 14       		.byte	20
 1043 03f6 28       		.byte	40
 1044 03f7 04       		.byte	4
 1045 03f8 29       		.byte	41
 1046 03f9 80       		.byte	-128
 1047 03fa 2B       		.byte	43
 1048 03fb 80       		.byte	-128
 1049 03fc 2F       		.byte	47
 1050 03fd 48       		.byte	72
 1051 03fe 30       		.byte	48
 1052 03ff 80       		.byte	-128
 1053 0400 31       		.byte	49
 1054 0401 28       		.byte	40
 1055 0402 33       		.byte	51
 1056 0403 01       		.byte	1
 1057 0404 36       		.byte	54
 1058 0405 80       		.byte	-128
 1059 0406 37       		.byte	55
 1060 0407 10       		.byte	16
 1061 0408 38       		.byte	56
 1062 0409 40       		.byte	64
 1063 040a 39       		.byte	57
 1064 040b 24       		.byte	36
 1065 040c 3B       		.byte	59
 1066 040d 10       		.byte	16
 1067 040e 3D       		.byte	61
 1068 040f A0       		.byte	-96
 1069 0410 3E       		.byte	62
 1070 0411 08       		.byte	8
 1071 0412 3F       		.byte	63
 1072 0413 02       		.byte	2
 1073 0414 40       		.byte	64
 1074 0415 45       		.byte	69
 1075 0416 41       		.byte	65
 1076 0417 20       		.byte	32
 1077 0418 42       		.byte	66
 1078 0419 40       		.byte	64
 1079 041a 48       		.byte	72
 1080 041b 81       		.byte	-127
 1081 041c 4B       		.byte	75
 1082 041d 10       		.byte	16
 1083 041e 52       		.byte	82
ARM GAS  C:\Users\serga\AppData\Local\Temp\ccN7J8cw.s 			page 20


 1084 041f 08       		.byte	8
 1085 0420 58       		.byte	88
 1086 0421 11       		.byte	17
 1087 0422 59       		.byte	89
 1088 0423 04       		.byte	4
 1089 0424 5A       		.byte	90
 1090 0425 80       		.byte	-128
 1091 0426 5D       		.byte	93
 1092 0427 01       		.byte	1
 1093 0428 60       		.byte	96
 1094 0429 80       		.byte	-128
 1095 042a 61       		.byte	97
 1096 042b 80       		.byte	-128
 1097 042c 64       		.byte	100
 1098 042d 08       		.byte	8
 1099 042e 66       		.byte	102
 1100 042f 80       		.byte	-128
 1101 0430 83       		.byte	-125
 1102 0431 04       		.byte	4
 1103 0432 88       		.byte	-120
 1104 0433 82       		.byte	-126
 1105 0434 89       		.byte	-119
 1106 0435 80       		.byte	-128
 1107 0436 8A       		.byte	-118
 1108 0437 A0       		.byte	-96
 1109 0438 8B       		.byte	-117
 1110 0439 20       		.byte	32
 1111 043a 90       		.byte	-112
 1112 043b 04       		.byte	4
 1113 043c 91       		.byte	-111
 1114 043d 35       		.byte	53
 1115 043e 92       		.byte	-110
 1116 043f C0       		.byte	-64
 1117 0440 93       		.byte	-109
 1118 0441 80       		.byte	-128
 1119 0442 94       		.byte	-108
 1120 0443 80       		.byte	-128
 1121 0444 96       		.byte	-106
 1122 0445 06       		.byte	6
 1123 0446 98       		.byte	-104
 1124 0447 19       		.byte	25
 1125 0448 99       		.byte	-103
 1126 0449 04       		.byte	4
 1127 044a 9A       		.byte	-102
 1128 044b 08       		.byte	8
 1129 044c 9B       		.byte	-101
 1130 044d 01       		.byte	1
 1131 044e 9D       		.byte	-99
 1132 044f 80       		.byte	-128
 1133 0450 9E       		.byte	-98
 1134 0451 20       		.byte	32
 1135 0452 9F       		.byte	-97
 1136 0453 10       		.byte	16
 1137 0454 A1       		.byte	-95
 1138 0455 D8       		.byte	-40
 1139 0456 A2       		.byte	-94
 1140 0457 80       		.byte	-128
ARM GAS  C:\Users\serga\AppData\Local\Temp\ccN7J8cw.s 			page 21


 1141 0458 A3       		.byte	-93
 1142 0459 89       		.byte	-119
 1143 045a A4       		.byte	-92
 1144 045b 01       		.byte	1
 1145 045c A6       		.byte	-90
 1146 045d 68       		.byte	104
 1147 045e A7       		.byte	-89
 1148 045f 10       		.byte	16
 1149 0460 C0       		.byte	-64
 1150 0461 08       		.byte	8
 1151 0462 C2       		.byte	-62
 1152 0463 02       		.byte	2
 1153 0464 C4       		.byte	-60
 1154 0465 07       		.byte	7
 1155 0466 CA       		.byte	-54
 1156 0467 AD       		.byte	-83
 1157 0468 CC       		.byte	-52
 1158 0469 3F       		.byte	63
 1159 046a CE       		.byte	-50
 1160 046b FE       		.byte	-2
 1161 046c D0       		.byte	-48
 1162 046d 0D       		.byte	13
 1163 046e D2       		.byte	-46
 1164 046f 0C       		.byte	12
 1165 0470 D6       		.byte	-42
 1166 0471 8F       		.byte	-113
 1167 0472 D8       		.byte	-40
 1168 0473 39       		.byte	57
 1169 0474 E0       		.byte	-32
 1170 0475 01       		.byte	1
 1171 0476 E2       		.byte	-30
 1172 0477 20       		.byte	32
 1173 0478 30       		.byte	48
 1174 0479 10       		.byte	16
 1175 047a 35       		.byte	53
 1176 047b 20       		.byte	32
 1177 047c CC       		.byte	-52
 1178 047d 30       		.byte	48
 1179 047e 9C       		.byte	-100
 1180 047f 10       		.byte	16
 1181 0480 9D       		.byte	-99
 1182 0481 20       		.byte	32
 1183 0482 9C       		.byte	-100
 1184 0483 10       		.byte	16
 1185 0484 9D       		.byte	-99
 1186 0485 20       		.byte	32
 1187 0486 84       		.byte	-124
 1188 0487 10       		.byte	16
 1189 0488 9C       		.byte	-100
 1190 0489 10       		.byte	16
 1191 048a 9D       		.byte	-99
 1192 048b 20       		.byte	32
 1193 048c E6       		.byte	-26
 1194 048d 40       		.byte	64
 1195 048e 52       		.byte	82
 1196 048f 20       		.byte	32
 1197 0490 57       		.byte	87
ARM GAS  C:\Users\serga\AppData\Local\Temp\ccN7J8cw.s 			page 22


 1198 0491 02       		.byte	2
 1199 0492 D4       		.byte	-44
 1200 0493 04       		.byte	4
 1201 0494 D6       		.byte	-42
 1202 0495 04       		.byte	4
 1203 0496 86       		.byte	-122
 1204 0497 20       		.byte	32
 1205 0498 A6       		.byte	-90
 1206 0499 20       		.byte	32
 1207 049a A7       		.byte	-89
 1208 049b 02       		.byte	2
 1209 049c A7       		.byte	-89
 1210 049d 02       		.byte	2
 1211 049e 9D       		.byte	-99
 1212 049f 20       		.byte	32
 1213 04a0 89       		.byte	-119
 1214 04a1 20       		.byte	32
 1215 04a2 9D       		.byte	-99
 1216 04a3 20       		.byte	32
 1217 04a4 08       		.byte	8
 1218 04a5 20       		.byte	32
 1219 04a6 62       		.byte	98
 1220 04a7 02       		.byte	2
 1221 04a8 9C       		.byte	-100
 1222 04a9 20       		.byte	32
 1223 04aa A2       		.byte	-94
 1224 04ab 02       		.byte	2
 1225 04ac AE       		.byte	-82
 1226 04ad 02       		.byte	2
 1227 04ae AF       		.byte	-81
 1228 04af 02       		.byte	2
 1229 04b0 B0       		.byte	-80
 1230 04b1 20       		.byte	32
 1231 04b2 C2       		.byte	-62
 1232 04b3 02       		.byte	2
 1233 04b4 D8       		.byte	-40
 1234 04b5 02       		.byte	2
 1235 04b6 EA       		.byte	-22
 1236 04b7 01       		.byte	1
 1237 04b8 10       		.byte	16
 1238 04b9 80       		.byte	-128
 1239 04ba 71       		.byte	113
 1240 04bb 02       		.byte	2
 1241 04bc 81       		.byte	-127
 1242 04bd 02       		.byte	2
 1243 04be 88       		.byte	-120
 1244 04bf 80       		.byte	-128
 1245 04c0 C4       		.byte	-60
 1246 04c1 08       		.byte	8
 1247 04c2 DC       		.byte	-36
 1248 04c3 01       		.byte	1
 1249 04c4 E6       		.byte	-26
 1250 04c5 01       		.byte	1
 1251 04c6 00       		.byte	0
 1252 04c7 03       		.byte	3
 1253 04c8 0C       		.byte	12
 1254 04c9 03       		.byte	3
ARM GAS  C:\Users\serga\AppData\Local\Temp\ccN7J8cw.s 			page 23


 1255 04ca 10       		.byte	16
 1256 04cb 03       		.byte	3
 1257 04cc 1C       		.byte	28
 1258 04cd 03       		.byte	3
 1259 04ce 00       		.byte	0
 1260 04cf 0F       		.byte	15
 1261 04d0 02       		.byte	2
 1262 04d1 00       		.byte	0
 1263 04d2 0D       		.byte	13
 1264 04d3 00       		.byte	0
 1265 04d4 E2       		.byte	-30
 1266 04d5 72       		.byte	114
 1267 04d6 18       		.byte	24
 1268 04d7 00       		.byte	0
 1269 04d8 00       		.byte	0
 1270 04d9 50       		.byte	80
 1271 04da 00       		.byte	0
 1272 04db 22       		.byte	34
 1273 04dc 11       		.byte	17
 1274 04dd 72       		.byte	114
 1275 04de 22       		.byte	34
 1276 04df 00       		.byte	0
 1277 04e0 8D       		.byte	-115
 1278 04e1 E3       		.byte	-29
 1279 04e2 10       		.byte	16
 1280 04e3 0C       		.byte	12
 1281 04e4 42       		.byte	66
 1282 04e5 01       		.byte	1
 1283 04e6 94       		.byte	-108
 1284 04e7 F4       		.byte	-12
 1285 04e8 80       		.byte	-128
 1286 04e9 A3       		.byte	-93
 1287 04ea 40       		.byte	64
 1288 04eb 58       		.byte	88
 1289 04ec 9D       		.byte	-99
 1290 04ed 72       		.byte	114
 1291 04ee 00       		.byte	0
 1292 04ef 00       		.byte	0
 1293 04f0 9D       		.byte	-99
 1294 04f1 00       		.byte	0
 1295 04f2 00       		.byte	0
 1296 04f3 00       		.byte	0
 1297 04f4 9D       		.byte	-99
 1298 04f5 22       		.byte	34
 1299 04f6 00       		.byte	0
 1300 04f7 00       		.byte	0
 1301 04f8 1D       		.byte	29
 1302 04f9 00       		.byte	0
 1303 04fa 80       		.byte	-128
 1304 04fb 00       		.byte	0
 1305 04fc 00       		.byte	0
 1306 04fd 22       		.byte	34
 1307 04fe 00       		.byte	0
 1308 04ff 50       		.byte	80
 1309 0500 00       		.byte	0
 1310 0501 60       		.byte	96
 1311 0502 00       		.byte	0
ARM GAS  C:\Users\serga\AppData\Local\Temp\ccN7J8cw.s 			page 24


 1312 0503 1F       		.byte	31
 1313 0504 F0       		.byte	-16
 1314 0505 80       		.byte	-128
 1315 0506 0F       		.byte	15
 1316 0507 01       		.byte	1
 1317 0508 00       		.byte	0
 1318 0509 28       		.byte	40
 1319 050a B0       		.byte	-80
 1320 050b 00       		.byte	0
 1321 050c 00       		.byte	0
 1322 050d 00       		.byte	0
 1323 050e 00       		.byte	0
 1324 050f 40       		.byte	64
 1325 0510 36       		.byte	54
 1326 0511 04       		.byte	4
 1327 0512 50       		.byte	80
 1328 0513 00       		.byte	0
 1329 0514 02       		.byte	2
 1330 0515 DE       		.byte	-34
 1331 0516 FB       		.byte	-5
 1332 0517 0C       		.byte	12
 1333 0518 1F       		.byte	31
 1334 0519 FF       		.byte	-1
 1335 051a FF       		.byte	-1
 1336 051b FF       		.byte	-1
 1337 051c 22       		.byte	34
 1338 051d 00       		.byte	0
 1339 051e F0       		.byte	-16
 1340 051f 0C       		.byte	12
 1341 0520 04       		.byte	4
 1342 0521 00       		.byte	0
 1343 0522 00       		.byte	0
 1344 0523 00       		.byte	0
 1345 0524 00       		.byte	0
 1346 0525 00       		.byte	0
 1347 0526 02       		.byte	2
 1348 0527 24       		.byte	36
 1349 0528 04       		.byte	4
 1350 0529 04       		.byte	4
 1351 052a 04       		.byte	4
 1352 052b 04       		.byte	4
 1353 052c 11       		.byte	17
 1354 052d 11       		.byte	17
 1355 052e 00       		.byte	0
 1356 052f 01       		.byte	1
 1357 0530 00       		.byte	0
 1358 0531 00       		.byte	0
 1359 0532 C0       		.byte	-64
 1360 0533 00       		.byte	0
 1361 0534 40       		.byte	64
 1362 0535 01       		.byte	1
 1363 0536 10       		.byte	16
 1364 0537 11       		.byte	17
 1365 0538 C0       		.byte	-64
 1366 0539 01       		.byte	1
 1367 053a 00       		.byte	0
 1368 053b 11       		.byte	17
ARM GAS  C:\Users\serga\AppData\Local\Temp\ccN7J8cw.s 			page 25


 1369 053c 40       		.byte	64
 1370 053d 01       		.byte	1
 1371 053e 40       		.byte	64
 1372 053f 01       		.byte	1
 1373 0540 00       		.byte	0
 1374 0541 00       		.byte	0
 1375 0542 00       		.byte	0
 1376 0543 00       		.byte	0
 1377 0544 00       		.byte	0
 1378 0545 00       		.byte	0
 1379 0546 00       		.byte	0
 1380 0547 00       		.byte	0
 1381 0548 00       		.byte	0
 1382 0549 00       		.byte	0
 1383 054a 00       		.byte	0
 1384 054b 00       		.byte	0
 1385 054c 00       		.byte	0
 1386 054d 00       		.byte	0
 1387 054e 00       		.byte	0
 1388 054f 00       		.byte	0
 1389 0550 80       		.byte	-128
 1390 0551 00       		.byte	0
 1391 0552 40       		.byte	64
 1392 0553 80       		.byte	-128
 1393 0554 80       		.byte	-128
 1394 0555 00       		.byte	0
 1395 0556 80       		.byte	-128
 1396 0557 00       		.byte	0
 1397 0558 00       		.byte	0
 1398 0559 00       		.byte	0
 1399 055a 00       		.byte	0
 1400 055b 00       		.byte	0
 1401 055c 40       		.byte	64
 1402 055d 8B       		.byte	-117
 1403 055e 8B       		.byte	-117
 1404 055f 00       		.byte	0
 1405 0560 80       		.byte	-128
 1406 0561 00       		.byte	0
 1407 0562 00       		.byte	0
 1408 0563 00       		.byte	0
 1409 0564 00       		.byte	0
 1410 0565 03       		.byte	3
 1411 0566 03       		.byte	3
 1412 0567 00       		.byte	0
 1413 0568 03       		.byte	3
 1414 0569 00       		.byte	0
 1415 056a 00       		.byte	0
 1416 056b 00       		.byte	0
 1417              		.section	.cywolatch,"a",%progbits
 1418              		.align	2
 1419              		.type	cy_meta_wonvl, %object
 1420              		.size	cy_meta_wonvl, 4
 1421              	cy_meta_wonvl:
 1422 0000 BC       		.byte	-68
 1423 0001 90       		.byte	-112
 1424 0002 AC       		.byte	-84
 1425 0003 AF       		.byte	-81
ARM GAS  C:\Users\serga\AppData\Local\Temp\ccN7J8cw.s 			page 26


 1426              		.section	.cycustnvl,"a",%progbits
 1427              		.align	2
 1428              		.type	cy_meta_custnvl, %object
 1429              		.size	cy_meta_custnvl, 4
 1430              	cy_meta_custnvl:
 1431 0000 00       		.byte	0
 1432 0001 00       		.byte	0
 1433 0002 40       		.byte	64
 1434 0003 05       		.byte	5
 1435              		.section	.cymeta,"a",%progbits
 1436              		.align	2
 1437              		.type	cy_metadata, %object
 1438              		.size	cy_metadata, 12
 1439              	cy_metadata:
 1440 0000 00       		.byte	0
 1441 0001 01       		.byte	1
 1442 0002 2E       		.byte	46
 1443 0003 16       		.byte	22
 1444 0004 10       		.byte	16
 1445 0005 69       		.byte	105
 1446 0006 00       		.byte	0
 1447 0007 01       		.byte	1
 1448 0008 00       		.byte	0
 1449 0009 00       		.byte	0
 1450 000a 00       		.byte	0
 1451 000b 00       		.byte	0
 1452              		.section	.cyflashprotect,"a",%progbits
 1453              		.align	2
 1454              		.type	cy_meta_flashprotect, %object
 1455              		.size	cy_meta_flashprotect, 256
 1456              	cy_meta_flashprotect:
 1457 0000 00000000 		.space	256
 1457      00000000 
 1457      00000000 
 1457      00000000 
 1457      00000000 
 1458              		.text
 1459              	.Letext0:
 1460              		.file 1 "c:\\program files (x86)\\cypress\\psoc creator\\4.4\\psoc creator\\import\\gnu\\arm\\5.4.
 1461              		.file 2 "c:\\program files (x86)\\cypress\\psoc creator\\4.4\\psoc creator\\import\\gnu\\arm\\5.4.
 1462              		.file 3 "Generated_Source\\PSoC5\\cymetadata.c"
 1463              		.section	.debug_info,"",%progbits
 1464              	.Ldebug_info0:
 1465 0000 32010000 		.4byte	0x132
 1466 0004 0400     		.2byte	0x4
 1467 0006 00000000 		.4byte	.Ldebug_abbrev0
 1468 000a 04       		.byte	0x4
 1469 000b 01       		.uleb128 0x1
 1470 000c 24000000 		.4byte	.LASF17
 1471 0010 0C       		.byte	0xc
 1472 0011 B0010000 		.4byte	.LASF18
 1473 0015 72010000 		.4byte	.LASF19
 1474 0019 00000000 		.4byte	.Ldebug_line0
 1475 001d 02       		.uleb128 0x2
 1476 001e 01       		.byte	0x1
 1477 001f 06       		.byte	0x6
 1478 0020 A4010000 		.4byte	.LASF0
ARM GAS  C:\Users\serga\AppData\Local\Temp\ccN7J8cw.s 			page 27


 1479 0024 03       		.uleb128 0x3
 1480 0025 00000000 		.4byte	.LASF9
 1481 0029 01       		.byte	0x1
 1482 002a 1D       		.byte	0x1d
 1483 002b 2F000000 		.4byte	0x2f
 1484 002f 02       		.uleb128 0x2
 1485 0030 01       		.byte	0x1
 1486 0031 08       		.byte	0x8
 1487 0032 16000000 		.4byte	.LASF1
 1488 0036 02       		.uleb128 0x2
 1489 0037 02       		.byte	0x2
 1490 0038 05       		.byte	0x5
 1491 0039 5F010000 		.4byte	.LASF2
 1492 003d 02       		.uleb128 0x2
 1493 003e 02       		.byte	0x2
 1494 003f 07       		.byte	0x7
 1495 0040 C4000000 		.4byte	.LASF3
 1496 0044 02       		.uleb128 0x2
 1497 0045 04       		.byte	0x4
 1498 0046 05       		.byte	0x5
 1499 0047 69010000 		.4byte	.LASF4
 1500 004b 02       		.uleb128 0x2
 1501 004c 04       		.byte	0x4
 1502 004d 07       		.byte	0x7
 1503 004e B2000000 		.4byte	.LASF5
 1504 0052 02       		.uleb128 0x2
 1505 0053 08       		.byte	0x8
 1506 0054 05       		.byte	0x5
 1507 0055 51010000 		.4byte	.LASF6
 1508 0059 02       		.uleb128 0x2
 1509 005a 08       		.byte	0x8
 1510 005b 07       		.byte	0x7
 1511 005c 06010000 		.4byte	.LASF7
 1512 0060 04       		.uleb128 0x4
 1513 0061 04       		.byte	0x4
 1514 0062 05       		.byte	0x5
 1515 0063 696E7400 		.ascii	"int\000"
 1516 0067 02       		.uleb128 0x2
 1517 0068 04       		.byte	0x4
 1518 0069 07       		.byte	0x7
 1519 006a F9000000 		.4byte	.LASF8
 1520 006e 03       		.uleb128 0x3
 1521 006f 1D010000 		.4byte	.LASF10
 1522 0073 02       		.byte	0x2
 1523 0074 18       		.byte	0x18
 1524 0075 24000000 		.4byte	0x24
 1525 0079 05       		.uleb128 0x5
 1526 007a 91000000 		.4byte	0x91
 1527 007e 8A000000 		.4byte	0x8a
 1528 0082 06       		.uleb128 0x6
 1529 0083 8A000000 		.4byte	0x8a
 1530 0087 6B05     		.2byte	0x56b
 1531 0089 00       		.byte	0
 1532 008a 02       		.uleb128 0x2
 1533 008b 04       		.byte	0x4
 1534 008c 07       		.byte	0x7
 1535 008d 48010000 		.4byte	.LASF11
ARM GAS  C:\Users\serga\AppData\Local\Temp\ccN7J8cw.s 			page 28


 1536 0091 07       		.uleb128 0x7
 1537 0092 6E000000 		.4byte	0x6e
 1538 0096 08       		.uleb128 0x8
 1539 0097 E7000000 		.4byte	.LASF12
 1540 009b 03       		.byte	0x3
 1541 009c 1F       		.byte	0x1f
 1542 009d A7000000 		.4byte	0xa7
 1543 00a1 05       		.uleb128 0x5
 1544 00a2 03       		.byte	0x3
 1545 00a3 00000000 		.4byte	cy_meta_configecc
 1546 00a7 07       		.uleb128 0x7
 1547 00a8 79000000 		.4byte	0x79
 1548 00ac 05       		.uleb128 0x5
 1549 00ad 91000000 		.4byte	0x91
 1550 00b1 BC000000 		.4byte	0xbc
 1551 00b5 09       		.uleb128 0x9
 1552 00b6 8A000000 		.4byte	0x8a
 1553 00ba 03       		.byte	0x3
 1554 00bb 00       		.byte	0
 1555 00bc 08       		.uleb128 0x8
 1556 00bd D7000000 		.4byte	.LASF13
 1557 00c1 03       		.byte	0x3
 1558 00c2 DA       		.byte	0xda
 1559 00c3 CD000000 		.4byte	0xcd
 1560 00c7 05       		.uleb128 0x5
 1561 00c8 03       		.byte	0x3
 1562 00c9 00000000 		.4byte	cy_meta_custnvl
 1563 00cd 07       		.uleb128 0x7
 1564 00ce AC000000 		.4byte	0xac
 1565 00d2 08       		.uleb128 0x8
 1566 00d3 3A010000 		.4byte	.LASF14
 1567 00d7 03       		.byte	0x3
 1568 00d8 E8       		.byte	0xe8
 1569 00d9 E3000000 		.4byte	0xe3
 1570 00dd 05       		.uleb128 0x5
 1571 00de 03       		.byte	0x3
 1572 00df 00000000 		.4byte	cy_meta_wonvl
 1573 00e3 07       		.uleb128 0x7
 1574 00e4 AC000000 		.4byte	0xac
 1575 00e8 05       		.uleb128 0x5
 1576 00e9 91000000 		.4byte	0x91
 1577 00ed F8000000 		.4byte	0xf8
 1578 00f1 09       		.uleb128 0x9
 1579 00f2 8A000000 		.4byte	0x8a
 1580 00f6 FF       		.byte	0xff
 1581 00f7 00       		.byte	0
 1582 00f8 08       		.uleb128 0x8
 1583 00f9 25010000 		.4byte	.LASF15
 1584 00fd 03       		.byte	0x3
 1585 00fe F6       		.byte	0xf6
 1586 00ff 09010000 		.4byte	0x109
 1587 0103 05       		.uleb128 0x5
 1588 0104 03       		.byte	0x3
 1589 0105 00000000 		.4byte	cy_meta_flashprotect
 1590 0109 07       		.uleb128 0x7
 1591 010a E8000000 		.4byte	0xe8
 1592 010e 05       		.uleb128 0x5
ARM GAS  C:\Users\serga\AppData\Local\Temp\ccN7J8cw.s 			page 29


 1593 010f 91000000 		.4byte	0x91
 1594 0113 1E010000 		.4byte	0x11e
 1595 0117 09       		.uleb128 0x9
 1596 0118 8A000000 		.4byte	0x8a
 1597 011c 0B       		.byte	0xb
 1598 011d 00       		.byte	0
 1599 011e 0A       		.uleb128 0xa
 1600 011f 0A000000 		.4byte	.LASF16
 1601 0123 03       		.byte	0x3
 1602 0124 2301     		.2byte	0x123
 1603 0126 30010000 		.4byte	0x130
 1604 012a 05       		.uleb128 0x5
 1605 012b 03       		.byte	0x3
 1606 012c 00000000 		.4byte	cy_metadata
 1607 0130 07       		.uleb128 0x7
 1608 0131 0E010000 		.4byte	0x10e
 1609 0135 00       		.byte	0
 1610              		.section	.debug_abbrev,"",%progbits
 1611              	.Ldebug_abbrev0:
 1612 0000 01       		.uleb128 0x1
 1613 0001 11       		.uleb128 0x11
 1614 0002 01       		.byte	0x1
 1615 0003 25       		.uleb128 0x25
 1616 0004 0E       		.uleb128 0xe
 1617 0005 13       		.uleb128 0x13
 1618 0006 0B       		.uleb128 0xb
 1619 0007 03       		.uleb128 0x3
 1620 0008 0E       		.uleb128 0xe
 1621 0009 1B       		.uleb128 0x1b
 1622 000a 0E       		.uleb128 0xe
 1623 000b 10       		.uleb128 0x10
 1624 000c 17       		.uleb128 0x17
 1625 000d 00       		.byte	0
 1626 000e 00       		.byte	0
 1627 000f 02       		.uleb128 0x2
 1628 0010 24       		.uleb128 0x24
 1629 0011 00       		.byte	0
 1630 0012 0B       		.uleb128 0xb
 1631 0013 0B       		.uleb128 0xb
 1632 0014 3E       		.uleb128 0x3e
 1633 0015 0B       		.uleb128 0xb
 1634 0016 03       		.uleb128 0x3
 1635 0017 0E       		.uleb128 0xe
 1636 0018 00       		.byte	0
 1637 0019 00       		.byte	0
 1638 001a 03       		.uleb128 0x3
 1639 001b 16       		.uleb128 0x16
 1640 001c 00       		.byte	0
 1641 001d 03       		.uleb128 0x3
 1642 001e 0E       		.uleb128 0xe
 1643 001f 3A       		.uleb128 0x3a
 1644 0020 0B       		.uleb128 0xb
 1645 0021 3B       		.uleb128 0x3b
 1646 0022 0B       		.uleb128 0xb
 1647 0023 49       		.uleb128 0x49
 1648 0024 13       		.uleb128 0x13
 1649 0025 00       		.byte	0
ARM GAS  C:\Users\serga\AppData\Local\Temp\ccN7J8cw.s 			page 30


 1650 0026 00       		.byte	0
 1651 0027 04       		.uleb128 0x4
 1652 0028 24       		.uleb128 0x24
 1653 0029 00       		.byte	0
 1654 002a 0B       		.uleb128 0xb
 1655 002b 0B       		.uleb128 0xb
 1656 002c 3E       		.uleb128 0x3e
 1657 002d 0B       		.uleb128 0xb
 1658 002e 03       		.uleb128 0x3
 1659 002f 08       		.uleb128 0x8
 1660 0030 00       		.byte	0
 1661 0031 00       		.byte	0
 1662 0032 05       		.uleb128 0x5
 1663 0033 01       		.uleb128 0x1
 1664 0034 01       		.byte	0x1
 1665 0035 49       		.uleb128 0x49
 1666 0036 13       		.uleb128 0x13
 1667 0037 01       		.uleb128 0x1
 1668 0038 13       		.uleb128 0x13
 1669 0039 00       		.byte	0
 1670 003a 00       		.byte	0
 1671 003b 06       		.uleb128 0x6
 1672 003c 21       		.uleb128 0x21
 1673 003d 00       		.byte	0
 1674 003e 49       		.uleb128 0x49
 1675 003f 13       		.uleb128 0x13
 1676 0040 2F       		.uleb128 0x2f
 1677 0041 05       		.uleb128 0x5
 1678 0042 00       		.byte	0
 1679 0043 00       		.byte	0
 1680 0044 07       		.uleb128 0x7
 1681 0045 26       		.uleb128 0x26
 1682 0046 00       		.byte	0
 1683 0047 49       		.uleb128 0x49
 1684 0048 13       		.uleb128 0x13
 1685 0049 00       		.byte	0
 1686 004a 00       		.byte	0
 1687 004b 08       		.uleb128 0x8
 1688 004c 34       		.uleb128 0x34
 1689 004d 00       		.byte	0
 1690 004e 03       		.uleb128 0x3
 1691 004f 0E       		.uleb128 0xe
 1692 0050 3A       		.uleb128 0x3a
 1693 0051 0B       		.uleb128 0xb
 1694 0052 3B       		.uleb128 0x3b
 1695 0053 0B       		.uleb128 0xb
 1696 0054 49       		.uleb128 0x49
 1697 0055 13       		.uleb128 0x13
 1698 0056 3F       		.uleb128 0x3f
 1699 0057 19       		.uleb128 0x19
 1700 0058 02       		.uleb128 0x2
 1701 0059 18       		.uleb128 0x18
 1702 005a 00       		.byte	0
 1703 005b 00       		.byte	0
 1704 005c 09       		.uleb128 0x9
 1705 005d 21       		.uleb128 0x21
 1706 005e 00       		.byte	0
ARM GAS  C:\Users\serga\AppData\Local\Temp\ccN7J8cw.s 			page 31


 1707 005f 49       		.uleb128 0x49
 1708 0060 13       		.uleb128 0x13
 1709 0061 2F       		.uleb128 0x2f
 1710 0062 0B       		.uleb128 0xb
 1711 0063 00       		.byte	0
 1712 0064 00       		.byte	0
 1713 0065 0A       		.uleb128 0xa
 1714 0066 34       		.uleb128 0x34
 1715 0067 00       		.byte	0
 1716 0068 03       		.uleb128 0x3
 1717 0069 0E       		.uleb128 0xe
 1718 006a 3A       		.uleb128 0x3a
 1719 006b 0B       		.uleb128 0xb
 1720 006c 3B       		.uleb128 0x3b
 1721 006d 05       		.uleb128 0x5
 1722 006e 49       		.uleb128 0x49
 1723 006f 13       		.uleb128 0x13
 1724 0070 3F       		.uleb128 0x3f
 1725 0071 19       		.uleb128 0x19
 1726 0072 02       		.uleb128 0x2
 1727 0073 18       		.uleb128 0x18
 1728 0074 00       		.byte	0
 1729 0075 00       		.byte	0
 1730 0076 00       		.byte	0
 1731              		.section	.debug_aranges,"",%progbits
 1732 0000 14000000 		.4byte	0x14
 1733 0004 0200     		.2byte	0x2
 1734 0006 00000000 		.4byte	.Ldebug_info0
 1735 000a 04       		.byte	0x4
 1736 000b 00       		.byte	0
 1737 000c 0000     		.2byte	0
 1738 000e 0000     		.2byte	0
 1739 0010 00000000 		.4byte	0
 1740 0014 00000000 		.4byte	0
 1741              		.section	.debug_line,"",%progbits
 1742              	.Ldebug_line0:
 1743 0000 3D010000 		.section	.debug_str,"MS",%progbits,1
 1743      02003701 
 1743      00000201 
 1743      FB0E0D00 
 1743      01010101 
 1744              	.LASF9:
 1745 0000 5F5F7569 		.ascii	"__uint8_t\000"
 1745      6E74385F 
 1745      7400
 1746              	.LASF16:
 1747 000a 63795F6D 		.ascii	"cy_metadata\000"
 1747      65746164 
 1747      61746100 
 1748              	.LASF1:
 1749 0016 756E7369 		.ascii	"unsigned char\000"
 1749      676E6564 
 1749      20636861 
 1749      7200
 1750              	.LASF17:
 1751 0024 474E5520 		.ascii	"GNU C11 5.4.1 20160609 (release) [ARM/embedded-5-br"
 1751      43313120 
ARM GAS  C:\Users\serga\AppData\Local\Temp\ccN7J8cw.s 			page 32


 1751      352E342E 
 1751      31203230 
 1751      31363036 
 1752 0057 616E6368 		.ascii	"anch revision 237715] -mcpu=cortex-m3 -mthumb -g -O"
 1752      20726576 
 1752      6973696F 
 1752      6E203233 
 1752      37373135 
 1753 008a 67202D66 		.ascii	"g -ffunction-sections -ffat-lto-objects\000"
 1753      66756E63 
 1753      74696F6E 
 1753      2D736563 
 1753      74696F6E 
 1754              	.LASF5:
 1755 00b2 6C6F6E67 		.ascii	"long unsigned int\000"
 1755      20756E73 
 1755      69676E65 
 1755      6420696E 
 1755      7400
 1756              	.LASF3:
 1757 00c4 73686F72 		.ascii	"short unsigned int\000"
 1757      7420756E 
 1757      7369676E 
 1757      65642069 
 1757      6E7400
 1758              	.LASF13:
 1759 00d7 63795F6D 		.ascii	"cy_meta_custnvl\000"
 1759      6574615F 
 1759      63757374 
 1759      6E766C00 
 1760              	.LASF12:
 1761 00e7 63795F6D 		.ascii	"cy_meta_configecc\000"
 1761      6574615F 
 1761      636F6E66 
 1761      69676563 
 1761      6300
 1762              	.LASF8:
 1763 00f9 756E7369 		.ascii	"unsigned int\000"
 1763      676E6564 
 1763      20696E74 
 1763      00
 1764              	.LASF7:
 1765 0106 6C6F6E67 		.ascii	"long long unsigned int\000"
 1765      206C6F6E 
 1765      6720756E 
 1765      7369676E 
 1765      65642069 
 1766              	.LASF10:
 1767 011d 75696E74 		.ascii	"uint8_t\000"
 1767      385F7400 
 1768              	.LASF15:
 1769 0125 63795F6D 		.ascii	"cy_meta_flashprotect\000"
 1769      6574615F 
 1769      666C6173 
 1769      6870726F 
 1769      74656374 
 1770              	.LASF14:
ARM GAS  C:\Users\serga\AppData\Local\Temp\ccN7J8cw.s 			page 33


 1771 013a 63795F6D 		.ascii	"cy_meta_wonvl\000"
 1771      6574615F 
 1771      776F6E76 
 1771      6C00
 1772              	.LASF11:
 1773 0148 73697A65 		.ascii	"sizetype\000"
 1773      74797065 
 1773      00
 1774              	.LASF6:
 1775 0151 6C6F6E67 		.ascii	"long long int\000"
 1775      206C6F6E 
 1775      6720696E 
 1775      7400
 1776              	.LASF2:
 1777 015f 73686F72 		.ascii	"short int\000"
 1777      7420696E 
 1777      7400
 1778              	.LASF4:
 1779 0169 6C6F6E67 		.ascii	"long int\000"
 1779      20696E74 
 1779      00
 1780              	.LASF19:
 1781 0172 443A5C50 		.ascii	"D:\\Projects\\PSoC\\PSoC 5\\ADXL345\\ADXL345_SPI.cy"
 1781      726F6A65 
 1781      6374735C 
 1781      50536F43 
 1781      5C50536F 
 1782 01a0 64736E00 		.ascii	"dsn\000"
 1783              	.LASF0:
 1784 01a4 7369676E 		.ascii	"signed char\000"
 1784      65642063 
 1784      68617200 
 1785              	.LASF18:
 1786 01b0 47656E65 		.ascii	"Generated_Source\\PSoC5\\cymetadata.c\000"
 1786      72617465 
 1786      645F536F 
 1786      75726365 
 1786      5C50536F 
 1787              		.ident	"GCC: (GNU Tools for ARM Embedded Processors) 5.4.1 20160609 (release) [ARM/embedded-5-bran
